<?xml version="1.0" encoding="UTF-8"?>
<testng-results ignored="0" total="1" passed="1" failed="0" skipped="0">
  <reporter-output>
  </reporter-output>
  <suite started-at="2024-12-05T01:02:32 EET" name="Surefire suite" finished-at="2024-12-05T01:02:40 EET" duration-ms="7678">
    <groups>
    </groups>
    <test started-at="2024-12-05T01:02:32 EET" name="Surefire test" finished-at="2024-12-05T01:02:40 EET" duration-ms="7678">
      <class name="test.base.BaseTest">
        <test-method signature="verifyUserCanSearchUkraine()[pri:0, instance:test.base.BaseTest@16df9bde]" started-at="2024-12-05T01:02:32 EET" name="verifyUserCanSearchUkraine" finished-at="2024-12-05T01:02:40 EET" duration-ms="7523" status="PASS">
          <reporter-output>
          </reporter-output>
        </test-method> <!-- verifyUserCanSearchUkraine -->
      </class> <!-- test.base.BaseTest -->
    </test> <!-- Surefire test -->
  </suite> <!-- Surefire suite -->
</testng-results>
